<?xml version="1.0" encoding="UTF-8"?>
<!-- Generated by org.testng.reporters.JUnitXMLReporter -->
<testsuite ignored="2" hostname="DESKTOP-BGIR2M1" failures="0" tests="1" name="Test" time="38.669" errors="0" timestamp="2024-08-29T16:00:08 IST">
  <testcase classname="com.comcast.crm.orgtest.CreateOrganizationTestWithTestNG" name="createOrgTest" time="24.186"/>
  <testcase classname="com.comcast.crm.orgtest.CreateOrganizationTestWithTestNG" name="createOrgWithPhoneNum" time="0.0">
    <ignored/>
  </testcase> <!-- createOrgWithPhoneNum -->
  <testcase classname="com.comcast.crm.orgtest.CreateOrganizationTestWithTestNG" name="createOrgWithTndustry" time="0.0">
    <ignored/>
  </testcase> <!-- createOrgWithTndustry -->
</testsuite> <!-- Test -->
