<?xml version="1.0" encoding="UTF-8"?>
<!-- Generated by org.testng.reporters.JUnitXMLReporter -->
<testsuite ignored="2" hostname="DESKTOP-BGIR2M1" failures="0" tests="6" name="TestRunner-Chrome" time="218.399" errors="0" timestamp="2024-08-27T11:02:09 IST">
  <testcase classname="com.comcast.crm.orgtest.CreateOrganizationTestWithTestNG" name="createOrgTest" time="33.968"/>
  <testcase classname="com.comcast.crm.orgtest.CreateOrganizationTestWithTestNG" name="createOrgWithPhoneNum" time="23.716"/>
  <testcase classname="com.comcast.crm.orgtest.CreateOrganizationTestWithTestNG" name="createOrgWithTndustry" time="19.939"/>
  <testcase classname="com.comcast.crm.contacttest.CreateContactTestWithTestNG" name="createContactTest" time="21.937"/>
  <testcase classname="com.comcast.crm.contacttest.CreateContactTestWithTestNG" name="createContactWithOrgTest" time="43.545"/>
  <testcase classname="com.comcast.crm.contacttest.CreateContactTestWithTestNG" name="createContactWithSupportDateTest" time="17.977"/>
  <testcase classname="com.comcast.crm.basetest.BaseClass" name="@BeforeSuite configBS" time="0.0">
    <ignored/>
  </testcase> <!-- @BeforeSuite configBS -->
  <testcase classname="com.comcast.crm.basetest.BaseClass" name="@AfterSuite configAS" time="0.0">
    <ignored/>
  </testcase> <!-- @AfterSuite configAS -->
</testsuite> <!-- TestRunner-Chrome -->
